c:\den\programming\testprojects\pathgame\pathgamedemo\pathgame\pathgame\release\vc140.pdb
c:\den\programming\testprojects\pathgame\pathgamedemo\pathgame\pathgame\release\movablecontroller.obj
c:\den\programming\testprojects\pathgame\pathgamedemo\pathgame\pathgame\release\movable.obj
c:\den\programming\testprojects\pathgame\pathgamedemo\pathgame\pathgame\release\menuinfo.obj
c:\den\programming\testprojects\pathgame\pathgamedemo\pathgame\pathgame\release\menu.obj
c:\den\programming\testprojects\pathgame\pathgamedemo\pathgame\pathgame\release\manualmovablecontroller.obj
c:\den\programming\testprojects\pathgame\pathgamedemo\pathgame\pathgame\release\player.obj
c:\den\programming\testprojects\pathgame\pathgamedemo\pathgame\pathgame\release\main.obj
c:\den\programming\testprojects\pathgame\pathgamedemo\pathgame\pathgame\release\logoscreeninfo.obj
c:\den\programming\testprojects\pathgame\pathgamedemo\pathgame\pathgame\release\logoscreen.obj
c:\den\programming\testprojects\pathgame\pathgamedemo\pathgame\pathgame\release\levelinfo.obj
c:\den\programming\testprojects\pathgame\pathgamedemo\pathgame\pathgame\release\level.obj
c:\den\programming\testprojects\pathgame\pathgamedemo\pathgame\pathgame\release\initializationexception.obj
c:\den\programming\testprojects\pathgame\pathgamedemo\pathgame\pathgame\release\hudinfo.obj
c:\den\programming\testprojects\pathgame\pathgamedemo\pathgame\pathgame\release\hud.obj
c:\den\programming\testprojects\pathgame\pathgamedemo\pathgame\pathgame\release\gameinfo.obj
c:\den\programming\testprojects\pathgame\pathgamedemo\pathgame\pathgame\release\game.obj
c:\den\programming\testprojects\pathgame\pathgamedemo\pathgame\pathgame\release\enemy.obj
c:\den\programming\testprojects\pathgame\pathgamedemo\pathgame\pathgame\release\info.obj
c:\den\programming\testprojects\pathgame\pathgamedemo\pathgame\pathgame\release\cameracontrollerinfo.obj
c:\den\programming\testprojects\pathgame\pathgamedemo\pathgame\pathgame\release\map.obj
c:\den\programming\testprojects\pathgame\pathgamedemo\pathgame\pathgame\release\xmlreader.obj
c:\den\programming\testprojects\pathgame\pathgamedemo\pathgame\pathgame\release\walkingmovablecontroller.obj
c:\den\programming\testprojects\pathgame\pathgamedemo\pathgame\pathgame\release\virtualxmlreader.obj
c:\den\programming\testprojects\pathgame\pathgamedemo\pathgame\pathgame\release\stageinfo.obj
c:\den\programming\testprojects\pathgame\pathgamedemo\pathgame\pathgame\release\stage.obj
c:\den\programming\testprojects\pathgame\pathgamedemo\pathgame\pathgame\release\sound.obj
c:\den\programming\testprojects\pathgame\pathgamedemo\pathgame\pathgame\release\randommovablecontroller.obj
c:\den\programming\testprojects\pathgame\pathgamedemo\pathgame\pathgame\release\random.obj
c:\den\programming\testprojects\pathgame\pathgamedemo\pathgame\pathgame\release\pursuingmovablecontroller.obj
c:\den\programming\testprojects\pathgame\pathgamedemo\pathgame\pathgame\release\playermovablecontroller.obj
c:\den\programming\testprojects\pathgame\pathgamedemo\pathgame\pathgame\release\enemymovablecontroller.obj
c:\den\programming\testprojects\pathgame\pathgamedemo\pathgame\pathgame\release\moving.obj
c:\den\programming\testprojects\pathgame\pathgamedemo\pathgame\pathgame\release\enemymovingcontroller.obj
c:\den\programming\testprojects\pathgame\pathgamedemo\pathgame\pathgame\release\movingcontroller.obj
c:\den\programming\testprojects\pathgame\pathgamedemo\pathgame\pathgame\release\playermovingcontroller.obj
c:\den\programming\github\pathgame\pathgame\release\vc140.pdb
c:\den\programming\github\pathgame\pathgame\release\main.obj
c:\den\programming\github\pathgame\pathgame\release\initexception.obj
c:\den\programming\github\pathgame\pathgame\release\xmlreader.obj
c:\den\programming\github\pathgame\pathgame\release\walkingmovablecontroller.obj
c:\den\programming\github\pathgame\pathgame\release\virtualxmlreader.obj
c:\den\programming\github\pathgame\pathgame\release\sound.obj
c:\den\programming\github\pathgame\pathgame\release\random.obj
c:\den\programming\github\pathgame\pathgame\release\movingcontroller.obj
c:\den\programming\github\pathgame\pathgame\release\menuinfo.obj
c:\den\programming\github\pathgame\pathgame\release\menu.obj
c:\den\programming\github\pathgame\pathgame\release\playermovingcontroller.obj
c:\den\programming\github\pathgame\pathgame\release\logoscreeninfo.obj
c:\den\programming\github\pathgame\pathgame\release\logoscreen.obj
c:\den\programming\github\pathgame\pathgame\release\hudinfo.obj
c:\den\programming\github\pathgame\pathgame\release\gameinfo.obj
c:\den\programming\github\pathgame\pathgame\release\info.obj
c:\den\programming\github\pathgame\pathgame\release\cameracontrollerinfo.obj
c:\den\programming\github\pathgame\pathgame\release\stageinfo.obj
c:\den\programming\github\pathgame\pathgame\release\stage.obj
c:\den\programming\github\pathgame\pathgame\release\randommovablecontroller.obj
c:\den\programming\github\pathgame\pathgame\release\enemymovingcontroller.obj
c:\den\programming\github\pathgame\pathgame\release\moving.obj
c:\den\programming\github\pathgame\pathgame\release\player.obj
c:\den\programming\github\pathgame\pathgame\release\enemy.obj
c:\den\programming\github\pathgame\pathgame\release\map.obj
c:\den\programming\github\pathgame\pathgame\release\levelinfo.obj
c:\den\programming\github\pathgame\pathgame\release\game.obj
c:\den\programming\github\pathgame\pathgame\release\level.obj
c:\den\programming\github\pathgame\pathgame\release\hud.obj
c:\den\programming\testprojects\pathgame\pathgamedemo\pathgame\release\pathgame.exe
c:\den\programming\testprojects\pathgame\pathgamedemo\pathgame\release\pathgame.pdb
c:\den\programming\github\pathgame\release\pathgame.exe
c:\den\programming\github\pathgame\release\pathgame.ipdb
c:\den\programming\github\pathgame\release\pathgame.iobj
c:\den\programming\github\pathgame\release\pathgame.pdb
c:\den\programming\github\pathgame\pathgame\release\enemymovablecontroller.obj
c:\den\programming\github\pathgame\pathgame\release\initializationexception.obj
c:\den\programming\github\pathgame\pathgame\release\manualmovablecontroller.obj
c:\den\programming\github\pathgame\pathgame\release\movable.obj
c:\den\programming\github\pathgame\pathgame\release\movablecontroller.obj
c:\den\programming\github\pathgame\pathgame\release\playermovablecontroller.obj
c:\den\programming\github\pathgame\pathgame\release\pursuingmovablecontroller.obj
c:\den\programming\github\pathgame\pathgame\release\pathgame.tlog\cl.read.1.tlog.uptodatecheck.tmp
c:\den\programming\github\pathgame\pathgame\release\pathgame.tlog\cl.command.1.tlog
c:\den\programming\github\pathgame\pathgame\release\pathgame.tlog\cl.read.1.tlog
c:\den\programming\github\pathgame\pathgame\release\pathgame.tlog\cl.write.1.tlog
c:\den\programming\github\pathgame\pathgame\release\pathgame.tlog\link.command.1.tlog
c:\den\programming\github\pathgame\pathgame\release\pathgame.tlog\link.read.1.tlog
c:\den\programming\github\pathgame\pathgame\release\pathgame.tlog\link.write.1.tlog
